<?xml version="1.0" encoding="UTF-8"?>
<testng-results skipped="0" failed="0" ignored="0" total="1" passed="1">
  <reporter-output>
  </reporter-output>
  <suite name="Suite" duration-ms="60474" started-at="2018-07-20T06:45:52Z" finished-at="2018-07-20T06:46:52Z">
    <groups>
    </groups>
    <test name="Test" duration-ms="60474" started-at="2018-07-20T06:45:52Z" finished-at="2018-07-20T06:46:52Z">
      <class name="testNGFeatures.DemoParameters">
        <test-method status="PASS" signature="f()[pri:0, instance:testNGFeatures.DemoParameters@5034c75a]" name="f" duration-ms="60400" started-at="2018-07-20T12:15:52Z" finished-at="2018-07-20T12:16:52Z">
          <reporter-output>
          </reporter-output>
        </test-method> <!-- f -->
      </class> <!-- testNGFeatures.DemoParameters -->
    </test> <!-- Test -->
  </suite> <!-- Suite -->
</testng-results>
