<?xml version="1.0" encoding="UTF-8"?>
<!-- Generated by org.testng.reporters.JUnitXMLReporter -->
<testsuite hostname="P4A-508SD40" ignored="0" name="Default test" tests="5" failures="0" timestamp="20 Jul 2018 06:20:47 GMT" time="0.177" errors="0">
  <testcase name="test1" time="0.032" classname="testNGFeatures.DemoGroup"/>
  <testcase name="test2" time="0.011" classname="testNGFeatures.DemoGroup"/>
  <testcase name="test3" time="0.003" classname="testNGFeatures.DemoGroup"/>
  <testcase name="test4" time="0.007" classname="testNGFeatures.DemoGroup"/>
  <testcase name="test5" time="0.004" classname="testNGFeatures.DemoGroup"/>
</testsuite> <!-- Default test -->
